{
  "RSpec": {
    "coverage": {
      "/Users/ed/Projects/Makers/week10/bank_tech_test/spec/UserAccountTransaction_spec.rb": {
        "lines": [
          null,
          null,
          1,
          null,
          1,
          3,
          null,
          1,
          1,
          null,
          null,
          1,
          1,
          1,
          1,
          1,
          1,
          null,
          null,
          1,
          1,
          1,
          1,
          1,
          1,
          null,
          null
        ]
      },
      "/Users/ed/Projects/Makers/week10/bank_tech_test/lib/user_account_transaction.rb": {
        "lines": [
          null,
          null,
          1,
          1,
          null,
          1,
          9,
          9,
          null,
          null,
          1,
          3,
          null,
          null,
          1,
          2,
          null,
          null
        ]
      },
      "/Users/ed/Projects/Makers/week10/bank_tech_test/spec/bank_spec.rb": {
        "lines": [
          null,
          null,
          1,
          null,
          1,
          7,
          2,
          2,
          2,
          null,
          1,
          1,
          null,
          null,
          1,
          1,
          1,
          null,
          null,
          1,
          1,
          1,
          1,
          null,
          null,
          1,
          1,
          1,
          2,
          null,
          null,
          1,
          1,
          2,
          null,
          null,
          1,
          1,
          2,
          null,
          null,
          null,
          1,
          1,
          1,
          1,
          1,
          null,
          1,
          null,
          null,
          null
        ]
      },
      "/Users/ed/Projects/Makers/week10/bank_tech_test/lib/bank.rb": {
        "lines": [
          null,
          null,
          1,
          1,
          null,
          1,
          1,
          null,
          1,
          7,
          7,
          7,
          null,
          null,
          1,
          3,
          null,
          2,
          2,
          null,
          null,
          1,
          3,
          2,
          null,
          1,
          1,
          null,
          null,
          1,
          1,
          null,
          null
        ]
      },
      "/Users/ed/Projects/Makers/week10/bank_tech_test/lib/statement.rb": {
        "lines": [
          null,
          null,
          1,
          1,
          null,
          1,
          9,
          9,
          null,
          null,
          1,
          3,
          1,
          null,
          2,
          2,
          3,
          3,
          null,
          null,
          null,
          null,
          1,
          null,
          1,
          3,
          null,
          null
        ]
      },
      "/Users/ed/Projects/Makers/week10/bank_tech_test/spec/statements_spec.rb": {
        "lines": [
          1,
          null,
          1,
          null,
          4,
          2,
          1,
          2,
          2,
          null,
          1,
          1,
          1,
          null,
          null,
          1,
          1,
          null,
          null,
          null,
          1,
          1,
          1,
          null,
          2,
          null,
          null,
          null,
          null
        ]
      }
    },
    "timestamp": 1592736672
  }
}
